-------------------------  vorbis-DM6446.pjt - Debug  -------------------------
[analysis.c] "G:\Arquivos de programas\CCStudio_v3.3\C6000\cgtools\bin\cl6x" -g -fr"G:/Arquivos de programas/CCStudio_v3.3/MyProjects/vorbis-DM6446/Debug" -d"_DEBUG" -mv6400 -@"Debug.lkf" "analysis.c"

[barkmel.c] "G:\Arquivos de programas\CCStudio_v3.3\C6000\cgtools\bin\cl6x" -g -fr"G:/Arquivos de programas/CCStudio_v3.3/MyProjects/vorbis-DM6446/Debug" -d"_DEBUG" -mv6400 -@"Debug.lkf" "barkmel.c"

[bitrate.c] "G:\Arquivos de programas\CCStudio_v3.3\C6000\cgtools\bin\cl6x" -g -fr"G:/Arquivos de programas/CCStudio_v3.3/MyProjects/vorbis-DM6446/Debug" -d"_DEBUG" -mv6400 -@"Debug.lkf" "bitrate.c"

[block.c] "G:\Arquivos de programas\CCStudio_v3.3\C6000\cgtools\bin\cl6x" -g -fr"G:/Arquivos de programas/CCStudio_v3.3/MyProjects/vorbis-DM6446/Debug" -d"_DEBUG" -mv6400 -@"Debug.lkf" "block.c"

[codebook.c] "G:\Arquivos de programas\CCStudio_v3.3\C6000\cgtools\bin\cl6x" -g -fr"G:/Arquivos de programas/CCStudio_v3.3/MyProjects/vorbis-DM6446/Debug" -d"_DEBUG" -mv6400 -@"Debug.lkf" "codebook.c"

[envelope.c] "G:\Arquivos de programas\CCStudio_v3.3\C6000\cgtools\bin\cl6x" -g -fr"G:/Arquivos de programas/CCStudio_v3.3/MyProjects/vorbis-DM6446/Debug" -d"_DEBUG" -mv6400 -@"Debug.lkf" "envelope.c"

[floor0.c] "G:\Arquivos de programas\CCStudio_v3.3\C6000\cgtools\bin\cl6x" -g -fr"G:/Arquivos de programas/CCStudio_v3.3/MyProjects/vorbis-DM6446/Debug" -d"_DEBUG" -mv6400 -@"Debug.lkf" "floor0.c"

[floor1.c] "G:\Arquivos de programas\CCStudio_v3.3\C6000\cgtools\bin\cl6x" -g -fr"G:/Arquivos de programas/CCStudio_v3.3/MyProjects/vorbis-DM6446/Debug" -d"_DEBUG" -mv6400 -@"Debug.lkf" "floor1.c"
"floor1.c", line 770: warning: variable "n" was declared but never referenced
"floor1.c", line 598: warning: variable "seq" was declared but never referenced

[info.c] "G:\Arquivos de programas\CCStudio_v3.3\C6000\cgtools\bin\cl6x" -g -fr"G:/Arquivos de programas/CCStudio_v3.3/MyProjects/vorbis-DM6446/Debug" -d"_DEBUG" -mv6400 -@"Debug.lkf" "info.c"
"info.c", line 420: warning: statement is unreachable

[lookup.c] "G:\Arquivos de programas\CCStudio_v3.3\C6000\cgtools\bin\cl6x" -g -fr"G:/Arquivos de programas/CCStudio_v3.3/MyProjects/vorbis-DM6446/Debug" -d"_DEBUG" -mv6400 -@"Debug.lkf" "lookup.c"

[lpc.c] "G:\Arquivos de programas\CCStudio_v3.3\C6000\cgtools\bin\cl6x" -g -fr"G:/Arquivos de programas/CCStudio_v3.3/MyProjects/vorbis-DM6446/Debug" -d"_DEBUG" -mv6400 -@"Debug.lkf" "lpc.c"

[lsp.c] "G:\Arquivos de programas\CCStudio_v3.3\C6000\cgtools\bin\cl6x" -g -fr"G:/Arquivos de programas/CCStudio_v3.3/MyProjects/vorbis-DM6446/Debug" -d"_DEBUG" -mv6400 -@"Debug.lkf" "lsp.c"
"lsp.c", line 68: warning: variable "fpu" was declared but never referenced
"lsp.c", line 311: warning: variable "lastdelta" was set but never used

[mapping0.c] "G:\Arquivos de programas\CCStudio_v3.3\C6000\cgtools\bin\cl6x" -g -fr"G:/Arquivos de programas/CCStudio_v3.3/MyProjects/vorbis-DM6446/Debug" -d"_DEBUG" -mv6400 -@"Debug.lkf" "mapping0.c"
"mapping0.c", line 738: warning: variable "hs" was declared but never referenced

[mdct.c] "G:\Arquivos de programas\CCStudio_v3.3\C6000\cgtools\bin\cl6x" -g -fr"G:/Arquivos de programas/CCStudio_v3.3/MyProjects/vorbis-DM6446/Debug" -d"_DEBUG" -mv6400 -@"Debug.lkf" "mdct.c"

[psy.c] "G:\Arquivos de programas\CCStudio_v3.3\C6000\cgtools\bin\cl6x" -g -fr"G:/Arquivos de programas/CCStudio_v3.3/MyProjects/vorbis-DM6446/Debug" -d"_DEBUG" -mv6400 -@"Debug.lkf" "psy.c"
"psy.c", line 1073: warning: variable "flag" was set but never used
"psy.c", line 1220: warning: variable "start" was declared but never referenced

[registry.c] "G:\Arquivos de programas\CCStudio_v3.3\C6000\cgtools\bin\cl6x" -g -fr"G:/Arquivos de programas/CCStudio_v3.3/MyProjects/vorbis-DM6446/Debug" -d"_DEBUG" -mv6400 -@"Debug.lkf" "registry.c"

[res0.c] "G:\Arquivos de programas\CCStudio_v3.3\C6000\cgtools\bin\cl6x" -g -fr"G:/Arquivos de programas/CCStudio_v3.3/MyProjects/vorbis-DM6446/Debug" -d"_DEBUG" -mv6400 -@"Debug.lkf" "res0.c"
"res0.c", line 375: warning: variable "ci" was declared but never referenced
"res0.c", line 503: warning: variable "vd" was declared but never referenced

[sharedbook.c] "G:\Arquivos de programas\CCStudio_v3.3\C6000\cgtools\bin\cl6x" -g -fr"G:/Arquivos de programas/CCStudio_v3.3/MyProjects/vorbis-DM6446/Debug" -d"_DEBUG" -mv6400 -@"Debug.lkf" "sharedbook.c"

[smallft.c] "G:\Arquivos de programas\CCStudio_v3.3\C6000\cgtools\bin\cl6x" -g -fr"G:/Arquivos de programas/CCStudio_v3.3/MyProjects/vorbis-DM6446/Debug" -d"_DEBUG" -mv6400 -@"Debug.lkf" "smallft.c"

[synthesis.c] "G:\Arquivos de programas\CCStudio_v3.3\C6000\cgtools\bin\cl6x" -g -fr"G:/Arquivos de programas/CCStudio_v3.3/MyProjects/vorbis-DM6446/Debug" -d"_DEBUG" -mv6400 -@"Debug.lkf" "synthesis.c"

[tone.c] "G:\Arquivos de programas\CCStudio_v3.3\C6000\cgtools\bin\cl6x" -g -fr"G:/Arquivos de programas/CCStudio_v3.3/MyProjects/vorbis-DM6446/Debug" -d"_DEBUG" -mv6400 -@"Debug.lkf" "tone.c"

[vorbisenc.c] "G:\Arquivos de programas\CCStudio_v3.3\C6000\cgtools\bin\cl6x" -g -fr"G:/Arquivos de programas/CCStudio_v3.3/MyProjects/vorbis-DM6446/Debug" -d"_DEBUG" -mv6400 -@"Debug.lkf" "vorbisenc.c"
"vorbisenc.c", line 472: warning: variable "n" was set but never used

[vorbisfile.c] "G:\Arquivos de programas\CCStudio_v3.3\C6000\cgtools\bin\cl6x" -g -fr"G:/Arquivos de programas/CCStudio_v3.3/MyProjects/vorbis-DM6446/Debug" -d"_DEBUG" -mv6400 -@"Debug.lkf" "vorbisfile.c"
"vorbisfile.c", line 689: warning: variable "ret" was set but never used
"vorbisfile.c", line 1773: warning: variable "fpu" was declared but never referenced

[window.c] "G:\Arquivos de programas\CCStudio_v3.3\C6000\cgtools\bin\cl6x" -g -fr"G:/Arquivos de programas/CCStudio_v3.3/MyProjects/vorbis-DM6446/Debug" -d"_DEBUG" -mv6400 -@"Debug.lkf" "window.c"

[Archiving...] "G:\Arquivos de programas\CCStudio_v3.3\C6000\cgtools\bin\ar6x" @"Debug.lkf"
  ==>  new archive 'G:\Arquivos de programas\CCStudio_v3.3\MyProjects\vorbis-DM6446\Debug\vorbis-DM6446.lib'
  ==>  building archive 'G:\Arquivos de programas\CCStudio_v3.3\MyProjects\vorbis-DM6446\Debug\vorbis-DM6446.lib'

Build Complete,
  0 Errors, 13 Warnings, 0 Remarks.
